#
# There is insufficient memory for the Java Runtime Environment to continue.
# Native memory allocation (malloc) failed to allocate 32744 bytes for ChunkPool::allocate
# Possible reasons:
#   The system is out of physical RAM or swap space
#   The process is running with CompressedOops enabled, and the Java Heap may be blocking the growth of the native heap
# Possible solutions:
#   Reduce memory load on the system
#   Increase physical memory or swap space
#   Check if swap backing store is full
#   Decrease Java heap size (-Xmx/-Xms)
#   Decrease number of Java threads
#   Decrease Java thread stack sizes (-Xss)
#   Set larger code cache with -XX:ReservedCodeCacheSize=
#   JVM is running with Unscaled Compressed Oops mode in which the Java heap is
#     placed in the first 4GB address space. The Java Heap base address is the
#     maximum limit for the native heap growth. Please use -XX:HeapBaseMinAddress
#     to set the Java Heap base and to place the Java Heap above 4GB virtual address.
# This output file may be truncated or incomplete.
#
#  Out of Memory Error (arena.cpp:78), pid=44224, tid=22248
#
# JRE version: OpenJDK Runtime Environment Temurin-17.0.4.1+1 (17.0.4.1+1) (build 17.0.4.1+1)
# Java VM: OpenJDK 64-Bit Server VM Temurin-17.0.4.1+1 (17.0.4.1+1, mixed mode, tiered, compressed oops, compressed class ptrs, g1 gc, windows-amd64)
# No core dump will be written. Minidumps are not enabled by default on client versions of Windows
#

---------------  S U M M A R Y ------------

Command Line: -Dfile.encoding=UTF-8 -XX:+ShowCodeDetailsInExceptionMessages assignments.FlipkartwindowHandle

Host: Intel(R) Core(TM) i7-6600U CPU @ 2.60GHz, 4 cores, 7G,  Windows 10 , 64 bit Build 19041 (10.0.19041.2788)
Time: Wed May 10 00:13:34 2023 India Standard Time elapsed time: 0.933352 seconds (0d 0h 0m 0s)

---------------  T H R E A D  ---------------

Current thread (0x00000273b0a0ade0):  JavaThread "C1 CompilerThread0" daemon [_thread_in_native, id=22248, stack(0x000000972cc00000,0x000000972cd00000)]


Current CompileTask:
C1:    933  353       3       java.net.URLStreamHandler::parseURL (1201 bytes)

Stack: [0x000000972cc00000,0x000000972cd00000]
Native frames: (J=compiled Java code, j=interpreted, Vv=VM code, C=native code)
V  [jvm.dll+0x67731a]
V  [jvm.dll+0x832284]
V  [jvm.dll+0x833a2e]
V  [jvm.dll+0x834093]
V  [jvm.dll+0x245775]
V  [jvm.dll+0xabfc0]
V  [jvm.dll+0xac30c]
V  [jvm.dll+0x18fa60]
V  [jvm.dll+0x13e78c]
V  [jvm.dll+0x14715d]
V  [jvm.dll+0x146685]
V  [jvm.dll+0x13df0e]
V  [jvm.dll+0x1404c5]
V  [jvm.dll+0x13e7a4]
V  [jvm.dll+0x13873f]
V  [jvm.dll+0x148256]
V  [jvm.dll+0x133e50]
V  [jvm.dll+0x1341b0]
V  [jvm.dll+0x134476]
V  [jvm.dll+0x13390a]
V  [jvm.dll+0x1355d1]
V  [jvm.dll+0x227498]
V  [jvm.dll+0x2255e5]
V  [jvm.dll+0x7e7e9b]
V  [jvm.dll+0x7e240a]
V  [jvm.dll+0x6761a5]
C  [ucrtbase.dll+0x21bb2]
C  [u_swpjbu.dll+0x17604]
C  [Protector64.dll+0x3f579]
C  [ntdll.dll+0x526a1]


---------------  P R O C E S S  ---------------

Threads class SMR info:
_java_thread_list=0x00000273cd1af540, length=12, elements={
0x00000273b2f9ac50, 0x00000273cd033a20, 0x00000273cc5a4270, 0x00000273cd00c550,
0x00000273cd00cf10, 0x00000273cd00f7e0, 0x00000273cd04f400, 0x00000273b0a0d150,
0x00000273b0a0ade0, 0x00000273cd0bc100, 0x00000273cd1cf2a0, 0x00000273cd1dc7c0
}

Java Threads: ( => current thread )
  0x00000273b2f9ac50 JavaThread "main" [_thread_in_vm, id=50984, stack(0x000000972be00000,0x000000972bf00000)]
  0x00000273cd033a20 JavaThread "Reference Handler" daemon [_thread_blocked, id=10484, stack(0x000000972c500000,0x000000972c600000)]
  0x00000273cc5a4270 JavaThread "Finalizer" daemon [_thread_blocked, id=27640, stack(0x000000972c600000,0x000000972c700000)]
  0x00000273cd00c550 JavaThread "Signal Dispatcher" daemon [_thread_blocked, id=26596, stack(0x000000972c700000,0x000000972c800000)]
  0x00000273cd00cf10 JavaThread "Attach Listener" daemon [_thread_blocked, id=47984, stack(0x000000972c800000,0x000000972c900000)]
  0x00000273cd00f7e0 JavaThread "Service Thread" daemon [_thread_blocked, id=48840, stack(0x000000972c900000,0x000000972ca00000)]
  0x00000273cd04f400 JavaThread "Monitor Deflation Thread" daemon [_thread_blocked, id=37208, stack(0x000000972ca00000,0x000000972cb00000)]
  0x00000273b0a0d150 JavaThread "C2 CompilerThread0" daemon [_thread_in_native, id=47552, stack(0x000000972cb00000,0x000000972cc00000)]
=>0x00000273b0a0ade0 JavaThread "C1 CompilerThread0" daemon [_thread_in_native, id=22248, stack(0x000000972cc00000,0x000000972cd00000)]
  0x00000273cd0bc100 JavaThread "Sweeper thread" daemon [_thread_blocked, id=17100, stack(0x000000972cd00000,0x000000972ce00000)]
  0x00000273cd1cf2a0 JavaThread "Notification Thread" daemon [_thread_blocked, id=48764, stack(0x000000972ce00000,0x000000972cf00000)]
  0x00000273cd1dc7c0 JavaThread "Common-Cleaner" daemon [_thread_blocked, id=32176, stack(0x000000972d000000,0x000000972d100000)]

Other Threads:
  0x00000273cc59f350 VMThread "VM Thread" [stack: 0x000000972c400000,0x000000972c500000] [id=49872]
  0x00000273b09fc8f0 WatcherThread [stack: 0x000000972cf00000,0x000000972d000000] [id=37996]
  0x00000273b2ff9e10 GCTaskThread "GC Thread#0" [stack: 0x000000972bf00000,0x000000972c000000] [id=50768]
  0x00000273b300d700 ConcurrentGCThread "G1 Main Marker" [stack: 0x000000972c000000,0x000000972c100000] [id=41288]
  0x00000273b300e020 ConcurrentGCThread "G1 Conc#0" [stack: 0x000000972c100000,0x000000972c200000] [id=9660]
  0x00000273b301ea20 ConcurrentGCThread "G1 Refine#0" [stack: 0x000000972c200000,0x000000972c300000] [id=13404]
  0x00000273cc4043b0 ConcurrentGCThread "G1 Service" [stack: 0x000000972c300000,0x000000972c400000] [id=29600]

Threads with active compile tasks:
C2 CompilerThread0     1038  358       4       java.lang.StringLatin1::replace (198 bytes)
C1 CompilerThread0     1038  353       3       java.net.URLStreamHandler::parseURL (1201 bytes)

VM state: not at safepoint (normal execution)

VM Mutex/Monitor currently owned by a thread:  ([mutex/lock_event])
[0x00000273b2f8ade0] Metaspace_lock - owner thread: 0x00000273b2f9ac50

Heap address: 0x0000000082c00000, size: 2004 MB, Compressed Oops mode: 32-bit

CDS archive(s) not mapped
Compressed class space mapped at: 0x0000000100000000-0x0000000140000000, reserved size: 1073741824
Narrow klass base: 0x0000000000000000, Narrow klass shift: 3, Narrow klass range: 0x140000000

GC Precious Log:
 CPUs: 4 total, 4 available
 Memory: 8013M
 Large Page Support: Disabled
 NUMA Support: Disabled
 Compressed Oops: Enabled (32-bit)
 Heap Region Size: 1M
 Heap Min Capacity: 8M
 Heap Initial Capacity: 126M
 Heap Max Capacity: 2004M
 Pre-touch: Disabled
 Parallel Workers: 4
 Concurrent Workers: 1
 Concurrent Refinement Workers: 4
 Periodic GC: Disabled

Heap:
 garbage-first heap   total 129024K, used 5120K [0x0000000082c00000, 0x0000000100000000)
  region size 1024K, 4 young (4096K), 0 survivors (0K)
 Metaspace       used 8573K, committed 8704K, reserved 1056768K
  class space    used 778K, committed 896K, reserved 1048576K

Heap Regions: E=young(eden), S=young(survivor), O=old, HS=humongous(starts), HC=humongous(continues), CS=collection set, F=free, OA=open archive, CA=closed archive, TAMS=top-at-mark-start (previous, next)
|   0|0x0000000082c00000, 0x0000000082d00000, 0x0000000082d00000|100%|HS|  |TAMS 0x0000000082c00000, 0x0000000082c00000| Complete 
|   1|0x0000000082d00000, 0x0000000082e00000, 0x0000000082e00000|100%|HC|  |TAMS 0x0000000082d00000, 0x0000000082d00000| Complete 
|   2|0x0000000082e00000, 0x0000000082e00000, 0x0000000082f00000|  0%| F|  |TAMS 0x0000000082e00000, 0x0000000082e00000| Untracked 
|   3|0x0000000082f00000, 0x0000000082f00000, 0x0000000083000000|  0%| F|  |TAMS 0x0000000082f00000, 0x0000000082f00000| Untracked 
|   4|0x0000000083000000, 0x0000000083000000, 0x0000000083100000|  0%| F|  |TAMS 0x0000000083000000, 0x0000000083000000| Untracked 
|   5|0x0000000083100000, 0x0000000083100000, 0x0000000083200000|  0%| F|  |TAMS 0x0000000083100000, 0x0000000083100000| Untracked 
|   6|0x0000000083200000, 0x0000000083200000, 0x0000000083300000|  0%| F|  |TAMS 0x0000000083200000, 0x0000000083200000| Untracked 
|   7|0x0000000083300000, 0x0000000083300000, 0x0000000083400000|  0%| F|  |TAMS 0x0000000083300000, 0x0000000083300000| Untracked 
|   8|0x0000000083400000, 0x0000000083400000, 0x0000000083500000|  0%| F|  |TAMS 0x0000000083400000, 0x0000000083400000| Untracked 
|   9|0x0000000083500000, 0x0000000083500000, 0x0000000083600000|  0%| F|  |TAMS 0x0000000083500000, 0x0000000083500000| Untracked 
|  10|0x0000000083600000, 0x0000000083600000, 0x0000000083700000|  0%| F|  |TAMS 0x0000000083600000, 0x0000000083600000| Untracked 
|  11|0x0000000083700000, 0x0000000083700000, 0x0000000083800000|  0%| F|  |TAMS 0x0000000083700000, 0x0000000083700000| Untracked 
|  12|0x0000000083800000, 0x0000000083800000, 0x0000000083900000|  0%| F|  |TAMS 0x0000000083800000, 0x0000000083800000| Untracked 
|  13|0x0000000083900000, 0x0000000083900000, 0x0000000083a00000|  0%| F|  |TAMS 0x0000000083900000, 0x0000000083900000| Untracked 
|  14|0x0000000083a00000, 0x0000000083a00000, 0x0000000083b00000|  0%| F|  |TAMS 0x0000000083a00000, 0x0000000083a00000| Untracked 
|  15|0x0000000083b00000, 0x0000000083b00000, 0x0000000083c00000|  0%| F|  |TAMS 0x0000000083b00000, 0x0000000083b00000| Untracked 
|  16|0x0000000083c00000, 0x0000000083c00000, 0x0000000083d00000|  0%| F|  |TAMS 0x0000000083c00000, 0x0000000083c00000| Untracked 
|  17|0x0000000083d00000, 0x0000000083d00000, 0x0000000083e00000|  0%| F|  |TAMS 0x0000000083d00000, 0x0000000083d00000| Untracked 
|  18|0x0000000083e00000, 0x0000000083e00000, 0x0000000083f00000|  0%| F|  |TAMS 0x0000000083e00000, 0x0000000083e00000| Untracked 
|  19|0x0000000083f00000, 0x0000000083f00000, 0x0000000084000000|  0%| F|  |TAMS 0x0000000083f00000, 0x0000000083f00000| Untracked 
|  20|0x0000000084000000, 0x0000000084000000, 0x0000000084100000|  0%| F|  |TAMS 0x0000000084000000, 0x0000000084000000| Untracked 
|  21|0x0000000084100000, 0x0000000084100000, 0x0000000084200000|  0%| F|  |TAMS 0x0000000084100000, 0x0000000084100000| Untracked 
|  22|0x0000000084200000, 0x0000000084200000, 0x0000000084300000|  0%| F|  |TAMS 0x0000000084200000, 0x0000000084200000| Untracked 
|  23|0x0000000084300000, 0x0000000084300000, 0x0000000084400000|  0%| F|  |TAMS 0x0000000084300000, 0x0000000084300000| Untracked 
|  24|0x0000000084400000, 0x0000000084400000, 0x0000000084500000|  0%| F|  |TAMS 0x0000000084400000, 0x0000000084400000| Untracked 
|  25|0x0000000084500000, 0x0000000084500000, 0x0000000084600000|  0%| F|  |TAMS 0x0000000084500000, 0x0000000084500000| Untracked 
|  26|0x0000000084600000, 0x0000000084600000, 0x0000000084700000|  0%| F|  |TAMS 0x0000000084600000, 0x0000000084600000| Untracked 
|  27|0x0000000084700000, 0x0000000084700000, 0x0000000084800000|  0%| F|  |TAMS 0x0000000084700000, 0x0000000084700000| Untracked 
|  28|0x0000000084800000, 0x0000000084800000, 0x0000000084900000|  0%| F|  |TAMS 0x0000000084800000, 0x0000000084800000| Untracked 
|  29|0x0000000084900000, 0x0000000084900000, 0x0000000084a00000|  0%| F|  |TAMS 0x0000000084900000, 0x0000000084900000| Untracked 
|  30|0x0000000084a00000, 0x0000000084a00000, 0x0000000084b00000|  0%| F|  |TAMS 0x0000000084a00000, 0x0000000084a00000| Untracked 
|  31|0x0000000084b00000, 0x0000000084b00000, 0x0000000084c00000|  0%| F|  |TAMS 0x0000000084b00000, 0x0000000084b00000| Untracked 
|  32|0x0000000084c00000, 0x0000000084c00000, 0x0000000084d00000|  0%| F|  |TAMS 0x0000000084c00000, 0x0000000084c00000| Untracked 
|  33|0x0000000084d00000, 0x0000000084d00000, 0x0000000084e00000|  0%| F|  |TAMS 0x0000000084d00000, 0x0000000084d00000| Untracked 
|  34|0x0000000084e00000, 0x0000000084e00000, 0x0000000084f00000|  0%| F|  |TAMS 0x0000000084e00000, 0x0000000084e00000| Untracked 
|  35|0x0000000084f00000, 0x0000000084f00000, 0x0000000085000000|  0%| F|  |TAMS 0x0000000084f00000, 0x0000000084f00000| Untracked 
|  36|0x0000000085000000, 0x0000000085000000, 0x0000000085100000|  0%| F|  |TAMS 0x0000000085000000, 0x0000000085000000| Untracked 
|  37|0x0000000085100000, 0x0000000085100000, 0x0000000085200000|  0%| F|  |TAMS 0x0000000085100000, 0x0000000085100000| Untracked 
|  38|0x0000000085200000, 0x0000000085200000, 0x0000000085300000|  0%| F|  |TAMS 0x0000000085200000, 0x0000000085200000| Untracked 
|  39|0x0000000085300000, 0x0000000085300000, 0x0000000085400000|  0%| F|  |TAMS 0x0000000085300000, 0x0000000085300000| Untracked 
|  40|0x0000000085400000, 0x0000000085400000, 0x0000000085500000|  0%| F|  |TAMS 0x0000000085400000, 0x0000000085400000| Untracked 
|  41|0x0000000085500000, 0x0000000085500000, 0x0000000085600000|  0%| F|  |TAMS 0x0000000085500000, 0x0000000085500000| Untracked 
|  42|0x0000000085600000, 0x0000000085600000, 0x0000000085700000|  0%| F|  |TAMS 0x0000000085600000, 0x0000000085600000| Untracked 
|  43|0x0000000085700000, 0x0000000085700000, 0x0000000085800000|  0%| F|  |TAMS 0x0000000085700000, 0x0000000085700000| Untracked 
|  44|0x0000000085800000, 0x0000000085800000, 0x0000000085900000|  0%| F|  |TAMS 0x0000000085800000, 0x0000000085800000| Untracked 
|  45|0x0000000085900000, 0x0000000085900000, 0x0000000085a00000|  0%| F|  |TAMS 0x0000000085900000, 0x0000000085900000| Untracked 
|  46|0x0000000085a00000, 0x0000000085a00000, 0x0000000085b00000|  0%| F|  |TAMS 0x0000000085a00000, 0x0000000085a00000| Untracked 
|  47|0x0000000085b00000, 0x0000000085b00000, 0x0000000085c00000|  0%| F|  |TAMS 0x0000000085b00000, 0x0000000085b00000| Untracked 
|  48|0x0000000085c00000, 0x0000000085c00000, 0x0000000085d00000|  0%| F|  |TAMS 0x0000000085c00000, 0x0000000085c00000| Untracked 
|  49|0x0000000085d00000, 0x0000000085d00000, 0x0000000085e00000|  0%| F|  |TAMS 0x0000000085d00000, 0x0000000085d00000| Untracked 
|  50|0x0000000085e00000, 0x0000000085e00000, 0x0000000085f00000|  0%| F|  |TAMS 0x0000000085e00000, 0x0000000085e00000| Untracked 
|  51|0x0000000085f00000, 0x0000000085f00000, 0x0000000086000000|  0%| F|  |TAMS 0x0000000085f00000, 0x0000000085f00000| Untracked 
|  52|0x0000000086000000, 0x0000000086000000, 0x0000000086100000|  0%| F|  |TAMS 0x0000000086000000, 0x0000000086000000| Untracked 
|  53|0x0000000086100000, 0x0000000086100000, 0x0000000086200000|  0%| F|  |TAMS 0x0000000086100000, 0x0000000086100000| Untracked 
|  54|0x0000000086200000, 0x0000000086200000, 0x0000000086300000|  0%| F|  |TAMS 0x0000000086200000, 0x0000000086200000| Untracked 
|  55|0x0000000086300000, 0x0000000086300000, 0x0000000086400000|  0%| F|  |TAMS 0x0000000086300000, 0x0000000086300000| Untracked 
|  56|0x0000000086400000, 0x0000000086400000, 0x0000000086500000|  0%| F|  |TAMS 0x0000000086400000, 0x0000000086400000| Untracked 
|  57|0x0000000086500000, 0x0000000086500000, 0x0000000086600000|  0%| F|  |TAMS 0x0000000086500000, 0x0000000086500000| Untracked 
|  58|0x0000000086600000, 0x0000000086600000, 0x0000000086700000|  0%| F|  |TAMS 0x0000000086600000, 0x0000000086600000| Untracked 
|  59|0x0000000086700000, 0x0000000086700000, 0x0000000086800000|  0%| F|  |TAMS 0x0000000086700000, 0x0000000086700000| Untracked 
|  60|0x0000000086800000, 0x0000000086800000, 0x0000000086900000|  0%| F|  |TAMS 0x0000000086800000, 0x0000000086800000| Untracked 
|  61|0x0000000086900000, 0x0000000086900000, 0x0000000086a00000|  0%| F|  |TAMS 0x0000000086900000, 0x0000000086900000| Untracked 
|  62|0x0000000086a00000, 0x0000000086a00000, 0x0000000086b00000|  0%| F|  |TAMS 0x0000000086a00000, 0x0000000086a00000| Untracked 
|  63|0x0000000086b00000, 0x0000000086b00000, 0x0000000086c00000|  0%| F|  |TAMS 0x0000000086b00000, 0x0000000086b00000| Untracked 
|  64|0x0000000086c00000, 0x0000000086c00000, 0x0000000086d00000|  0%| F|  |TAMS 0x0000000086c00000, 0x0000000086c00000| Untracked 
|  65|0x0000000086d00000, 0x0000000086d00000, 0x0000000086e00000|  0%| F|  |TAMS 0x0000000086d00000, 0x0000000086d00000| Untracked 
|  66|0x0000000086e00000, 0x0000000086e00000, 0x0000000086f00000|  0%| F|  |TAMS 0x0000000086e00000, 0x0000000086e00000| Untracked 
|  67|0x0000000086f00000, 0x0000000086f00000, 0x0000000087000000|  0%| F|  |TAMS 0x0000000086f00000, 0x0000000086f00000| Untracked 
|  68|0x0000000087000000, 0x0000000087000000, 0x0000000087100000|  0%| F|  |TAMS 0x0000000087000000, 0x0000000087000000| Untracked 
|  69|0x0000000087100000, 0x0000000087100000, 0x0000000087200000|  0%| F|  |TAMS 0x0000000087100000, 0x0000000087100000| Untracked 
|  70|0x0000000087200000, 0x0000000087200000, 0x0000000087300000|  0%| F|  |TAMS 0x0000000087200000, 0x0000000087200000| Untracked 
|  71|0x0000000087300000, 0x0000000087300000, 0x0000000087400000|  0%| F|  |TAMS 0x0000000087300000, 0x0000000087300000| Untracked 
|  72|0x0000000087400000, 0x0000000087400000, 0x0000000087500000|  0%| F|  |TAMS 0x0000000087400000, 0x0000000087400000| Untracked 
|  73|0x0000000087500000, 0x0000000087500000, 0x0000000087600000|  0%| F|  |TAMS 0x0000000087500000, 0x0000000087500000| Untracked 
|  74|0x0000000087600000, 0x0000000087600000, 0x0000000087700000|  0%| F|  |TAMS 0x0000000087600000, 0x0000000087600000| Untracked 
|  75|0x0000000087700000, 0x0000000087700000, 0x0000000087800000|  0%| F|  |TAMS 0x0000000087700000, 0x0000000087700000| Untracked 
|  76|0x0000000087800000, 0x0000000087800000, 0x0000000087900000|  0%| F|  |TAMS 0x0000000087800000, 0x0000000087800000| Untracked 
|  77|0x0000000087900000, 0x0000000087900000, 0x0000000087a00000|  0%| F|  |TAMS 0x0000000087900000, 0x0000000087900000| Untracked 
|  78|0x0000000087a00000, 0x0000000087a00000, 0x0000000087b00000|  0%| F|  |TAMS 0x0000000087a00000, 0x0000000087a00000| Untracked 
|  79|0x0000000087b00000, 0x0000000087b00000, 0x0000000087c00000|  0%| F|  |TAMS 0x0000000087b00000, 0x0000000087b00000| Untracked 
|  80|0x0000000087c00000, 0x0000000087c00000, 0x0000000087d00000|  0%| F|  |TAMS 0x0000000087c00000, 0x0000000087c00000| Untracked 
|  81|0x0000000087d00000, 0x0000000087d00000, 0x0000000087e00000|  0%| F|  |TAMS 0x0000000087d00000, 0x0000000087d00000| Untracked 
|  82|0x0000000087e00000, 0x0000000087e00000, 0x0000000087f00000|  0%| F|  |TAMS 0x0000000087e00000, 0x0000000087e00000| Untracked 
|  83|0x0000000087f00000, 0x0000000087f00000, 0x0000000088000000|  0%| F|  |TAMS 0x0000000087f00000, 0x0000000087f00000| Untracked 
|  84|0x0000000088000000, 0x0000000088000000, 0x0000000088100000|  0%| F|  |TAMS 0x0000000088000000, 0x0000000088000000| Untracked 
|  85|0x0000000088100000, 0x0000000088100000, 0x0000000088200000|  0%| F|  |TAMS 0x0000000088100000, 0x0000000088100000| Untracked 
|  86|0x0000000088200000, 0x0000000088200000, 0x0000000088300000|  0%| F|  |TAMS 0x0000000088200000, 0x0000000088200000| Untracked 
|  87|0x0000000088300000, 0x0000000088300000, 0x0000000088400000|  0%| F|  |TAMS 0x0000000088300000, 0x0000000088300000| Untracked 
|  88|0x0000000088400000, 0x0000000088400000, 0x0000000088500000|  0%| F|  |TAMS 0x0000000088400000, 0x0000000088400000| Untracked 
|  89|0x0000000088500000, 0x0000000088500000, 0x0000000088600000|  0%| F|  |TAMS 0x0000000088500000, 0x0000000088500000| Untracked 
|  90|0x0000000088600000, 0x0000000088600000, 0x0000000088700000|  0%| F|  |TAMS 0x0000000088600000, 0x0000000088600000| Untracked 
|  91|0x0000000088700000, 0x0000000088700000, 0x0000000088800000|  0%| F|  |TAMS 0x0000000088700000, 0x0000000088700000| Untracked 
|  92|0x0000000088800000, 0x0000000088800000, 0x0000000088900000|  0%| F|  |TAMS 0x0000000088800000, 0x0000000088800000| Untracked 
|  93|0x0000000088900000, 0x0000000088900000, 0x0000000088a00000|  0%| F|  |TAMS 0x0000000088900000, 0x0000000088900000| Untracked 
|  94|0x0000000088a00000, 0x0000000088a00000, 0x0000000088b00000|  0%| F|  |TAMS 0x0000000088a00000, 0x0000000088a00000| Untracked 
|  95|0x0000000088b00000, 0x0000000088b00000, 0x0000000088c00000|  0%| F|  |TAMS 0x0000000088b00000, 0x0000000088b00000| Untracked 
|  96|0x0000000088c00000, 0x0000000088c00000, 0x0000000088d00000|  0%| F|  |TAMS 0x0000000088c00000, 0x0000000088c00000| Untracked 
|  97|0x0000000088d00000, 0x0000000088d00000, 0x0000000088e00000|  0%| F|  |TAMS 0x0000000088d00000, 0x0000000088d00000| Untracked 
|  98|0x0000000088e00000, 0x0000000088e00000, 0x0000000088f00000|  0%| F|  |TAMS 0x0000000088e00000, 0x0000000088e00000| Untracked 
|  99|0x0000000088f00000, 0x0000000088f00000, 0x0000000089000000|  0%| F|  |TAMS 0x0000000088f00000, 0x0000000088f00000| Untracked 
| 100|0x0000000089000000, 0x0000000089000000, 0x0000000089100000|  0%| F|  |TAMS 0x0000000089000000, 0x0000000089000000| Untracked 
| 101|0x0000000089100000, 0x0000000089100000, 0x0000000089200000|  0%| F|  |TAMS 0x0000000089100000, 0x0000000089100000| Untracked 
| 102|0x0000000089200000, 0x0000000089200000, 0x0000000089300000|  0%| F|  |TAMS 0x0000000089200000, 0x0000000089200000| Untracked 
| 103|0x0000000089300000, 0x0000000089300000, 0x0000000089400000|  0%| F|  |TAMS 0x0000000089300000, 0x0000000089300000| Untracked 
| 104|0x0000000089400000, 0x0000000089400000, 0x0000000089500000|  0%| F|  |TAMS 0x0000000089400000, 0x0000000089400000| Untracked 
| 105|0x0000000089500000, 0x0000000089500000, 0x0000000089600000|  0%| F|  |TAMS 0x0000000089500000, 0x0000000089500000| Untracked 
| 106|0x0000000089600000, 0x0000000089600000, 0x0000000089700000|  0%| F|  |TAMS 0x0000000089600000, 0x0000000089600000| Untracked 
| 107|0x0000000089700000, 0x0000000089700000, 0x0000000089800000|  0%| F|  |TAMS 0x0000000089700000, 0x0000000089700000| Untracked 
| 108|0x0000000089800000, 0x0000000089800000, 0x0000000089900000|  0%| F|  |TAMS 0x0000000089800000, 0x0000000089800000| Untracked 
| 109|0x0000000089900000, 0x0000000089900000, 0x0000000089a00000|  0%| F|  |TAMS 0x0000000089900000, 0x0000000089900000| Untracked 
| 110|0x0000000089a00000, 0x0000000089a00000, 0x0000000089b00000|  0%| F|  |TAMS 0x0000000089a00000, 0x0000000089a00000| Untracked 
| 111|0x0000000089b00000, 0x0000000089b00000, 0x0000000089c00000|  0%| F|  |TAMS 0x0000000089b00000, 0x0000000089b00000| Untracked 
| 112|0x0000000089c00000, 0x0000000089c00000, 0x0000000089d00000|  0%| F|  |TAMS 0x0000000089c00000, 0x0000000089c00000| Untracked 
| 113|0x0000000089d00000, 0x0000000089d00000, 0x0000000089e00000|  0%| F|  |TAMS 0x0000000089d00000, 0x0000000089d00000| Untracked 
| 114|0x0000000089e00000, 0x0000000089e00000, 0x0000000089f00000|  0%| F|  |TAMS 0x0000000089e00000, 0x0000000089e00000| Untracked 
| 115|0x0000000089f00000, 0x0000000089f00000, 0x000000008a000000|  0%| F|  |TAMS 0x0000000089f00000, 0x0000000089f00000| Untracked 
| 116|0x000000008a000000, 0x000000008a000000, 0x000000008a100000|  0%| F|  |TAMS 0x000000008a000000, 0x000000008a000000| Untracked 
| 117|0x000000008a100000, 0x000000008a100000, 0x000000008a200000|  0%| F|  |TAMS 0x000000008a100000, 0x000000008a100000| Untracked 
| 118|0x000000008a200000, 0x000000008a200000, 0x000000008a300000|  0%| F|  |TAMS 0x000000008a200000, 0x000000008a200000| Untracked 
| 119|0x000000008a300000, 0x000000008a300000, 0x000000008a400000|  0%| F|  |TAMS 0x000000008a300000, 0x000000008a300000| Untracked 
| 120|0x000000008a400000, 0x000000008a400000, 0x000000008a500000|  0%| F|  |TAMS 0x000000008a400000, 0x000000008a400000| Untracked 
| 121|0x000000008a500000, 0x000000008a500000, 0x000000008a600000|  0%| F|  |TAMS 0x000000008a500000, 0x000000008a500000| Untracked 
| 122|0x000000008a600000, 0x000000008a700000, 0x000000008a700000|100%| E|  |TAMS 0x000000008a600000, 0x000000008a600000| Complete 
| 123|0x000000008a700000, 0x000000008a800000, 0x000000008a800000|100%| E|CS|TAMS 0x000000008a700000, 0x000000008a700000| Complete 
| 124|0x000000008a800000, 0x000000008a900000, 0x000000008a900000|100%| E|CS|TAMS 0x000000008a800000, 0x000000008a800000| Complete 
| 125|0x000000008a900000, 0x000000008aa00000, 0x000000008aa00000|100%| E|CS|TAMS 0x000000008a900000, 0x000000008a900000| Complete 

Card table byte_map: [0x00000273c5a00000,0x00000273c5df0000] _byte_map_base: 0x00000273c55ea000

Marking Bits (Prev, Next): (CMBitMap*) 0x00000273b2ffc340, (CMBitMap*) 0x00000273b2ffc380
 Prev Bits: [0x00000273c61e0000, 0x00000273c8130000)
 Next Bits: [0x00000273c8130000, 0x00000273ca080000)

Polling page: 0x00000273b0c00000

Metaspace:

Usage:
  Non-class:      7.61 MB used.
      Class:    778.24 KB used.
       Both:      8.37 MB used.

Virtual space:
  Non-class space:        8.00 MB reserved,       7.62 MB ( 95%) committed,  1 nodes.
      Class space:        1.00 GB reserved,     896.00 KB ( <1%) committed,  1 nodes.
             Both:        1.01 GB reserved,       8.50 MB ( <1%) committed. 

Chunk freelists:
   Non-Class:  192.00 KB
       Class:  3.17 MB
        Both:  3.36 MB

MaxMetaspaceSize: unlimited
CompressedClassSpaceSize: 1.00 GB
Initial GC threshold: 21.00 MB
Current GC threshold: 21.00 MB
CDS: off
MetaspaceReclaimPolicy: balanced
 - commit_granule_bytes: 65536.
 - commit_granule_words: 8192.
 - virtual_space_node_default_size: 1048576.
 - enlarge_chunks_in_place: 1.
 - new_chunks_are_fully_committed: 0.
 - uncommit_free_chunks: 1.
 - use_allocation_guard: 0.
 - handle_deallocations: 1.


Internal statistics:

num_allocs_failed_limit: 0.
num_arena_births: 20.
num_arena_deaths: 0.
num_vsnodes_births: 2.
num_vsnodes_deaths: 0.
num_space_committed: 136.
num_space_uncommitted: 0.
num_chunks_returned_to_freelist: 0.
num_chunks_taken_from_freelist: 68.
num_chunk_merges: 0.
num_chunk_splits: 29.
num_chunks_enlarged: 22.
num_purges: 0.
num_inconsistent_stats: 0.

CodeHeap 'non-profiled nmethods': size=120000Kb used=104Kb max_used=104Kb free=119895Kb
 bounds [0x00000273be0e0000, 0x00000273be350000, 0x00000273c5610000]
CodeHeap 'profiled nmethods': size=120000Kb used=484Kb max_used=484Kb free=119515Kb
 bounds [0x00000273b6bb0000, 0x00000273b6e20000, 0x00000273be0e0000]
CodeHeap 'non-nmethods': size=5760Kb used=1130Kb max_used=1145Kb free=4629Kb
 bounds [0x00000273b6610000, 0x00000273b6880000, 0x00000273b6bb0000]
 total_blobs=767 nmethods=352 adapters=328
 compilation: enabled
              stopped_count=0, restarted_count=0
 full_count=0

Compilation events (20 events):
Event: 0.896 Thread 0x00000273b0a0ade0  343       3       java.io.InputStream::<init> (5 bytes)
Event: 0.896 Thread 0x00000273b0a0ade0 nmethod 343 0x00000273b6c26390 code [0x00000273b6c26520, 0x00000273b6c26678]
Event: 0.897 Thread 0x00000273b0a0ade0  344       3       java.lang.invoke.MemberName::getReferenceKind (12 bytes)
Event: 0.897 Thread 0x00000273b0a0ade0 nmethod 344 0x00000273b6c26710 code [0x00000273b6c268a0, 0x00000273b6c269b8]
Event: 0.901 Thread 0x00000273b0a0ade0  345       3       java.util.WeakHashMap::maskNull (12 bytes)
Event: 0.901 Thread 0x00000273b0a0ade0 nmethod 345 0x00000273b6c26a90 code [0x00000273b6c26c20, 0x00000273b6c26d58]
Event: 0.901 Thread 0x00000273b0a0ade0  346       3       java.util.WeakHashMap::hash (28 bytes)
Event: 0.902 Thread 0x00000273b0a0ade0 nmethod 346 0x00000273b6c26e10 code [0x00000273b6c26fc0, 0x00000273b6c271a8]
Event: 0.902 Thread 0x00000273b0a0ade0  347       3       java.util.WeakHashMap::getTable (9 bytes)
Event: 0.902 Thread 0x00000273b0a0ade0 nmethod 347 0x00000273b6c27290 code [0x00000273b6c27420, 0x00000273b6c27568]
Event: 0.902 Thread 0x00000273b0a0ade0  348   !   3       java.util.WeakHashMap::expungeStaleEntries (139 bytes)
Event: 0.903 Thread 0x00000273b0a0d150 nmethod 342% 0x00000273be0f9690 code [0x00000273be0f9820, 0x00000273be0f9bd8]
Event: 0.903 Thread 0x00000273b0a0ade0 nmethod 348 0x00000273b6c27610 code [0x00000273b6c27820, 0x00000273b6c281e8]
Event: 0.903 Thread 0x00000273b0a0ade0  349       3       java.util.WeakHashMap::indexFor (6 bytes)
Event: 0.903 Thread 0x00000273b0a0ade0 nmethod 349 0x00000273b6c28690 code [0x00000273b6c28820, 0x00000273b6c28918]
Event: 0.903 Thread 0x00000273b0a0ade0  350       3       java.util.ArrayDeque::inc (12 bytes)
Event: 0.903 Thread 0x00000273b0a0ade0 nmethod 350 0x00000273b6c28990 code [0x00000273b6c28b20, 0x00000273b6c28c58]
Event: 0.903 Thread 0x00000273b0a0ade0  351       3       java.io.RandomAccessFile::seek (22 bytes)
Event: 0.903 Thread 0x00000273b0a0ade0 nmethod 351 0x00000273b6c28d10 code [0x00000273b6c28ec0, 0x00000273b6c290f8]
Event: 0.929 Thread 0x00000273b0a0ade0  353       3       java.net.URLStreamHandler::parseURL (1201 bytes)

GC Heap History (0 events):
No events

Deoptimization events (2 events):
Event: 0.869 Thread 0x00000273b2f9ac50 DEOPT PACKING pc=0x00000273b6bc6e67 sp=0x000000972bef8760
Event: 0.869 Thread 0x00000273b2f9ac50 DEOPT UNPACKING pc=0x00000273b6662b43 sp=0x000000972bef7b80 mode 0

Classes unloaded (0 events):
No events

Classes redefined (0 events):
No events

Internal exceptions (9 events):
Event: 0.440 Thread 0x00000273b2f9ac50 Exception <a 'java/lang/NoSuchMethodError'{0x000000008a75fe68}: 'java.lang.Object java.lang.invoke.DirectMethodHandle$Holder.invokeStaticInit(java.lang.Object)'> (0x000000008a75fe68) 
thrown [s\src\hotspot\share\interpreter\linkResolver.cpp, line 759]
Event: 0.512 Thread 0x00000273b2f9ac50 Exception <a 'java/lang/NoSuchMethodError'{0x000000008a7e98a0}: 'void java.lang.invoke.DirectMethodHandle$Holder.invokeStatic(java.lang.Object, java.lang.Object)'> (0x000000008a7e98a0) 
thrown [s\src\hotspot\share\interpreter\linkResolver.cpp, line 759]
Event: 0.537 Thread 0x00000273b2f9ac50 Exception <a 'java/net/SocketException'{0x000000008a7f4578}: Socket is not connected: shutdown> (0x000000008a7f4578) 
thrown [s\src\hotspot\share\prims\jni.cpp, line 535]
Event: 0.538 Thread 0x00000273b2f9ac50 Exception <a 'java/net/SocketException'{0x000000008a7f4bf0}: Socket is not connected: shutdown> (0x000000008a7f4bf0) 
thrown [s\src\hotspot\share\prims\jni.cpp, line 535]
Event: 0.539 Thread 0x00000273b2f9ac50 Exception <a 'java/net/SocketException'{0x000000008a7f5240}: Socket is not connected: shutdown> (0x000000008a7f5240) 
thrown [s\src\hotspot\share\prims\jni.cpp, line 535]
Event: 0.540 Thread 0x00000273b2f9ac50 Exception <a 'java/net/SocketException'{0x000000008a7f5800}: Socket is not connected: shutdown> (0x000000008a7f5800) 
thrown [s\src\hotspot\share\prims\jni.cpp, line 535]
Event: 0.569 Thread 0x00000273b2f9ac50 Exception <a 'java/lang/NoSuchMethodError'{0x000000008a6107b8}: 'void java.lang.invoke.DirectMethodHandle$Holder.invokeStatic(java.lang.Object, java.lang.Object, java.lang.Object)'> (0x000000008a6107b8) 
thrown [s\src\hotspot\share\interpreter\linkResolver.cpp, line 759]
Event: 0.889 Thread 0x00000273b2f9ac50 Exception <a 'java/lang/NoSuchMethodError'{0x000000008a6a21f8}: 'int java.lang.invoke.DirectMethodHandle$Holder.invokeStaticInit(java.lang.Object, java.lang.Object)'> (0x000000008a6a21f8) 
thrown [s\src\hotspot\share\interpreter\linkResolver.cpp, line 759]
Event: 0.897 Thread 0x00000273b2f9ac50 Exception <a 'java/lang/NoSuchMethodError'{0x000000008a6b6810}: 'void java.lang.invoke.DirectMethodHandle$Holder.invokeStaticInit(java.lang.Object, java.lang.Object)'> (0x000000008a6b6810) 
thrown [s\src\hotspot\share\interpreter\linkResolver.cpp, line 759]

VM Operations (4 events):
Event: 0.350 Executing VM operation: HandshakeAllThreads
Event: 0.350 Executing VM operation: HandshakeAllThreads done
Event: 0.504 Executing VM operation: HandshakeAllThreads
Event: 0.504 Executing VM operation: HandshakeAllThreads done

Events (20 events):
Event: 0.577 loading class java/util/concurrent/locks/AbstractQueuedSynchronizer$ConditionObject
Event: 0.578 loading class java/util/concurrent/locks/Condition
Event: 0.578 loading class java/util/concurrent/locks/Condition done
Event: 0.578 loading class java/util/concurrent/locks/AbstractQueuedSynchronizer$ConditionObject done
Event: 0.578 loading class java/util/concurrent/LinkedBlockingQueue$Node
Event: 0.578 loading class java/util/concurrent/LinkedBlockingQueue$Node done
Event: 0.579 loading class java/net/URL$2
Event: 0.579 loading class java/net/URL$2 done
Event: 0.579 loading class java/net/URL$1
Event: 0.579 loading class java/net/URL$1 done
Event: 0.579 loading class java/net/spi/URLStreamHandlerProvider
Event: 0.579 loading class java/net/spi/URLStreamHandlerProvider done
Event: 0.588 loading class sun/net/www/protocol/http/Handler
Event: 0.596 loading class sun/net/www/protocol/http/Handler done
Event: 0.611 loading class java/util/concurrent/atomic/AtomicReference
Event: 0.612 loading class java/util/concurrent/atomic/AtomicReference done
Event: 0.870 loading class java/util/concurrent/Future
Event: 0.870 loading class java/util/concurrent/Future done
Event: 0.885 loading class java/time/temporal/TemporalUnit
Event: 0.886 loading class java/time/temporal/TemporalUnit done


Dynamic libraries:
0x00007ff7cd6e0000 - 0x00007ff7cd6ee000 	C:\Users\cpanigra\Desktop\selenium data\eclipse-java-2022-09-R-win32-x86_64\eclipse\plugins\org.eclipse.justj.openjdk.hotspot.jre.full.win32.x86_64_17.0.4.v20220903-1038\jre\bin\javaw.exe
0x00007ffa07ff0000 - 0x00007ffa081e8000 	C:\WINDOWS\SYSTEM32\ntdll.dll
0x00007ffa07cf0000 - 0x00007ffa07daf000 	C:\WINDOWS\System32\u_swpjbu.dll
0x00007ffa058d0000 - 0x00007ffa05baa000 	C:\WINDOWS\System32\a_xbbnkjgy.dll
0x00007ffa07ff0000 - 0x00007ffa081e8000 	C:\WINDOWS\SYSTEM32\ntdll.dll
0x00007ffa07cf0000 - 0x00007ffa07daf000 	C:\WINDOWS\System32\u_swpjbu.dll
0x00007ffa058d0000 - 0x00007ffa05baa000 	C:\WINDOWS\System32\a_xbbnkjgy.dll
0x00007ffa05c30000 - 0x00007ffa05d30000 	C:\WINDOWS\System32\ucrtbase.dll
0x00007ff9ff9d0000 - 0x00007ff9ff9e8000 	C:\Users\cpanigra\Desktop\selenium data\eclipse-java-2022-09-R-win32-x86_64\eclipse\plugins\org.eclipse.justj.openjdk.hotspot.jre.full.win32.x86_64_17.0.4.v20220903-1038\jre\bin\jli.dll
0x00007ffa06f40000 - 0x00007ffa070dd000 	C:\WINDOWS\System32\USER32.dll
0x00007ffa05e70000 - 0x00007ffa05e92000 	C:\WINDOWS\System32\win32u.dll
0x00007ffa07e70000 - 0x00007ffa07e9b000 	C:\WINDOWS\System32\GDI32.dll
0x00007ffa05f40000 - 0x00007ffa06050000 	C:\WINDOWS\System32\gdi32full.dll
0x00007ffa05ea0000 - 0x00007ffa05f3d000 	C:\WINDOWS\System32\msvcp_win.dll
0x00007ff9ff480000 - 0x00007ff9ff499000 	C:\Users\cpanigra\Desktop\selenium data\eclipse-java-2022-09-R-win32-x86_64\eclipse\plugins\org.eclipse.justj.openjdk.hotspot.jre.full.win32.x86_64_17.0.4.v20220903-1038\jre\bin\VCRUNTIME140.dll
0x00007ff9f2e50000 - 0x00007ff9f30ea000 	C:\WINDOWS\WinSxS\amd64_microsoft.windows.common-controls_6595b64144ccf1df_6.0.19041.1110_none_60b5254171f9507e\COMCTL32.dll
0x00007ffa063b0000 - 0x00007ffa0644e000 	C:\WINDOWS\System32\msvcrt.dll
0x00007ffa07cc0000 - 0x00007ffa07cf0000 	C:\WINDOWS\System32\IMM32.DLL
0x00007ff9e9f20000 - 0x00007ff9ea076000 	C:\Program Files\Cisco\AMP\exprev\Protector64.dll
0x00007ffa07aa0000 - 0x00007ffa07b4e000 	C:\WINDOWS\System32\ADVAPI32.dll
0x00007ffa07c20000 - 0x00007ffa07cbc000 	C:\WINDOWS\System32\sechost.dll
0x00007ffa073b0000 - 0x00007ffa074d6000 	C:\WINDOWS\System32\RPCRT4.dll
0x00007ffa06450000 - 0x00007ffa06b94000 	C:\WINDOWS\System32\SHELL32.dll
0x00007ffa079d0000 - 0x00007ffa07a9d000 	C:\WINDOWS\System32\OLEAUT32.dll
0x00007ffa06050000 - 0x00007ffa063a4000 	C:\WINDOWS\System32\combase.dll
0x00007ffa07b50000 - 0x00007ffa07ba5000 	C:\WINDOWS\System32\SHLWAPI.dll
0x00007ff9fea40000 - 0x00007ff9fea4a000 	C:\WINDOWS\SYSTEM32\VERSION.dll
0x00007ffa04820000 - 0x00007ffa04853000 	C:\WINDOWS\SYSTEM32\ntmarta.dll
0x00007ff9ffbb0000 - 0x00007ff9ffbbc000 	C:\Users\cpanigra\Desktop\selenium data\eclipse-java-2022-09-R-win32-x86_64\eclipse\plugins\org.eclipse.justj.openjdk.hotspot.jre.full.win32.x86_64_17.0.4.v20220903-1038\jre\bin\vcruntime140_1.dll
0x00007ff9e7b90000 - 0x00007ff9e7c21000 	C:\Users\cpanigra\Desktop\selenium data\eclipse-java-2022-09-R-win32-x86_64\eclipse\plugins\org.eclipse.justj.openjdk.hotspot.jre.full.win32.x86_64_17.0.4.v20220903-1038\jre\bin\msvcp140.dll
0x00007ff9b7d40000 - 0x00007ff9b8986000 	C:\Users\cpanigra\Desktop\selenium data\eclipse-java-2022-09-R-win32-x86_64\eclipse\plugins\org.eclipse.justj.openjdk.hotspot.jre.full.win32.x86_64_17.0.4.v20220903-1038\jre\bin\server\jvm.dll
0x00007ffa07f40000 - 0x00007ffa07f48000 	C:\WINDOWS\System32\PSAPI.DLL
0x00007ff9f6b60000 - 0x00007ff9f6b69000 	C:\WINDOWS\SYSTEM32\WSOCK32.dll
0x00007ffa07bb0000 - 0x00007ffa07c1b000 	C:\WINDOWS\System32\WS2_32.dll
0x00007ff9f2550000 - 0x00007ff9f2577000 	C:\WINDOWS\SYSTEM32\WINMM.dll
0x00007ffa04010000 - 0x00007ffa04022000 	C:\WINDOWS\SYSTEM32\kernel.appcore.dll
0x00007ff9ffe50000 - 0x00007ff9ffe5a000 	C:\Users\cpanigra\Desktop\selenium data\eclipse-java-2022-09-R-win32-x86_64\eclipse\plugins\org.eclipse.justj.openjdk.hotspot.jre.full.win32.x86_64_17.0.4.v20220903-1038\jre\bin\jimage.dll
0x00007ffa033c0000 - 0x00007ffa035a4000 	C:\WINDOWS\SYSTEM32\DBGHELP.DLL
0x00007ff9fbfd0000 - 0x00007ff9fc004000 	C:\WINDOWS\SYSTEM32\dbgcore.DLL
0x00007ffa05de0000 - 0x00007ffa05e62000 	C:\WINDOWS\System32\bcryptPrimitives.dll
0x00007ff9f52c0000 - 0x00007ff9f52e5000 	C:\Users\cpanigra\Desktop\selenium data\eclipse-java-2022-09-R-win32-x86_64\eclipse\plugins\org.eclipse.justj.openjdk.hotspot.jre.full.win32.x86_64_17.0.4.v20220903-1038\jre\bin\java.dll
0x00007ff9ffe00000 - 0x00007ff9ffe18000 	C:\Users\cpanigra\Desktop\selenium data\eclipse-java-2022-09-R-win32-x86_64\eclipse\plugins\org.eclipse.justj.openjdk.hotspot.jre.full.win32.x86_64_17.0.4.v20220903-1038\jre\bin\zip.dll
0x00007ffa035b0000 - 0x00007ffa03d43000 	C:\WINDOWS\SYSTEM32\windows.storage.dll
0x00007ffa05160000 - 0x00007ffa0518e000 	C:\WINDOWS\SYSTEM32\Wldp.dll
0x00007ffa07300000 - 0x00007ffa073ad000 	C:\WINDOWS\System32\SHCORE.dll
0x00007ffa05640000 - 0x00007ffa0565f000 	C:\WINDOWS\SYSTEM32\profapi.dll
0x00007ff9ff890000 - 0x00007ff9ff8a9000 	C:\Users\cpanigra\Desktop\selenium data\eclipse-java-2022-09-R-win32-x86_64\eclipse\plugins\org.eclipse.justj.openjdk.hotspot.jre.full.win32.x86_64_17.0.4.v20220903-1038\jre\bin\net.dll
0x00007ff9fb6f0000 - 0x00007ff9fb7fa000 	C:\WINDOWS\SYSTEM32\WINHTTP.dll
0x00007ffa04e50000 - 0x00007ffa04eba000 	C:\WINDOWS\system32\mswsock.dll
0x00007ff9fdf80000 - 0x00007ff9fdf95000 	C:\Users\cpanigra\Desktop\selenium data\eclipse-java-2022-09-R-win32-x86_64\eclipse\plugins\org.eclipse.justj.openjdk.hotspot.jre.full.win32.x86_64_17.0.4.v20220903-1038\jre\bin\nio.dll
0x00007ffa04b80000 - 0x00007ffa04c4b000 	C:\WINDOWS\SYSTEM32\DNSAPI.dll
0x00007ffa04b40000 - 0x00007ffa04b7c000 	C:\WINDOWS\SYSTEM32\IPHLPAPI.DLL
0x00007ffa07f30000 - 0x00007ffa07f38000 	C:\WINDOWS\System32\NSI.dll
0x00007ff9fa740000 - 0x00007ff9fa74a000 	C:\Windows\System32\rasadhlp.dll
0x00007ffa002d0000 - 0x00007ffa00350000 	C:\WINDOWS\System32\fwpuclnt.dll
0x00000273b2ec0000 - 0x00000273b2ee7000 	C:\WINDOWS\System32\bcrypt.dll

dbghelp: loaded successfully - version: 4.0.5 - missing functions: none
symbol engine: initialized successfully - sym options: 0x614 - pdb path: .;C:\Users\cpanigra\Desktop\selenium data\eclipse-java-2022-09-R-win32-x86_64\eclipse\plugins\org.eclipse.justj.openjdk.hotspot.jre.full.win32.x86_64_17.0.4.v20220903-1038\jre\bin;C:\WINDOWS\SYSTEM32;C:\WINDOWS\WinSxS\amd64_microsoft.windows.common-controls_6595b64144ccf1df_6.0.19041.1110_none_60b5254171f9507e;C:\Program Files\Cisco\AMP\exprev;C:\Users\cpanigra\Desktop\selenium data\eclipse-java-2022-09-R-win32-x86_64\eclipse\plugins\org.eclipse.justj.openjdk.hotspot.jre.full.win32.x86_64_17.0.4.v20220903-1038\jre\bin\server

VM Arguments:
jvm_args: -Dfile.encoding=UTF-8 -XX:+ShowCodeDetailsInExceptionMessages 
java_command: assignments.FlipkartwindowHandle
java_class_path (initial): C:\Users\cpanigra\Desktop\wcsm8workspace\wcsm8seleniumproject\bin;C:\Users\cpanigra\Desktop\wcsm8workspace\wcsm8seleniumproject\jars\selenium-server-4.9.0.jar
Launcher Type: SUN_STANDARD

[Global flags]
     intx CICompilerCount                          = 3                                         {product} {ergonomic}
     uint ConcGCThreads                            = 1                                         {product} {ergonomic}
     uint G1ConcRefinementThreads                  = 4                                         {product} {ergonomic}
   size_t G1HeapRegionSize                         = 1048576                                   {product} {ergonomic}
    uintx GCDrainStackTargetSize                   = 64                                        {product} {ergonomic}
   size_t InitialHeapSize                          = 132120576                                 {product} {ergonomic}
   size_t MarkStackSize                            = 4194304                                   {product} {ergonomic}
   size_t MaxHeapSize                              = 2101346304                                {product} {ergonomic}
   size_t MaxNewSize                               = 1260388352                                {product} {ergonomic}
   size_t MinHeapDeltaBytes                        = 1048576                                   {product} {ergonomic}
   size_t MinHeapSize                              = 8388608                                   {product} {ergonomic}
    uintx NonNMethodCodeHeapSize                   = 5832780                                {pd product} {ergonomic}
    uintx NonProfiledCodeHeapSize                  = 122912730                              {pd product} {ergonomic}
    uintx ProfiledCodeHeapSize                     = 122912730                              {pd product} {ergonomic}
    uintx ReservedCodeCacheSize                    = 251658240                              {pd product} {ergonomic}
     bool SegmentedCodeCache                       = true                                      {product} {ergonomic}
     bool ShowCodeDetailsInExceptionMessages       = true                                   {manageable} {command line}
   size_t SoftMaxHeapSize                          = 2101346304                             {manageable} {ergonomic}
     bool UseCompressedClassPointers               = true                           {product lp64_product} {ergonomic}
     bool UseCompressedOops                        = true                           {product lp64_product} {ergonomic}
     bool UseG1GC                                  = true                                      {product} {ergonomic}
     bool UseLargePagesIndividualAllocation        = false                                  {pd product} {ergonomic}

Logging:
Log output configuration:
 #0: stdout all=warning uptime,level,tags
 #1: stderr all=off uptime,level,tags

Environment Variables:
JAVA_HOME=C:\Program Files\Java\jdk-17
PATH=C:/Users/cpanigra/Desktop/selenium data/eclipse-java-2022-09-R-win32-x86_64/eclipse//plugins/org.eclipse.justj.openjdk.hotspot.jre.full.win32.x86_64_17.0.4.v20220903-1038/jre/bin/server;C:/Users/cpanigra/Desktop/selenium data/eclipse-java-2022-09-R-win32-x86_64/eclipse//plugins/org.eclipse.justj.openjdk.hotspot.jre.full.win32.x86_64_17.0.4.v20220903-1038/jre/bin;C:\Program Files\Common Files\Oracle\Java\javapath;C:\Program Files (x86)\Common Files\Oracle\Java\javapath;C:\ProgramData\Oracle\Java\javapath;C:\oracle\product\10.2.0\db_1\bin;C:\Windows\System32\Drivers\DriverData;C:\Webdrivers;C:\WINDOWS\system32;C:\WINDOWS;C:\WINDOWS\System32\Wbem;C:\WINDOWS\System32\WindowsPowerShell\v1.0\;C:\WINDOWS\System32\OpenSSH\;C:\Program Files\dotnet\;C:\Program Files (x86)\dotnet\;C:\Program Files\Git\cmd;C:\Program Files\Java\jdk-17\bin;C:\Users\cpanigra\AppData\Local\Microsoft\WindowsApps;C:\Users\cpanigra\.dotnet\tools;C:\Program Files\Java\jdk-17\bin;;C:\Users\cpanigra\Desktop\selenium data\eclipse-java-2022-09-R-win32-x86_64\eclipse;
USERNAME=cpanigra
OS=Windows_NT
PROCESSOR_IDENTIFIER=Intel64 Family 6 Model 78 Stepping 3, GenuineIntel
TMP=C:\Users\cpanigra\AppData\Local\Temp
TEMP=C:\Users\cpanigra\AppData\Local\Temp



---------------  S Y S T E M  ---------------

OS:
 Windows 10 , 64 bit Build 19041 (10.0.19041.2788)
OS uptime: 27 days 11:48 hours

CPU: total 4 (initial active 4) (2 cores per cpu, 2 threads per core) family 6 model 78 stepping 3 microcode 0xcc, cx8, cmov, fxsr, ht, mmx, 3dnowpref, sse, sse2, sse3, ssse3, sse4.1, sse4.2, popcnt, lzcnt, tsc, tscinvbit, avx, avx2, aes, erms, clmul, bmi1, bmi2, rtm, adx, fma, vzeroupper, clflush, clflushopt

Memory: 4k page, system-wide physical 8013M (699M free)
TotalPageFile size 32589M (AvailPageFile size 0M)
current process WorkingSet (physical memory assigned to process): 56M, peak: 56M
current process commit charge ("private bytes"): 207M, peak: 207M

vm_info: OpenJDK 64-Bit Server VM (17.0.4.1+1) for windows-amd64 JRE (17.0.4.1+1), built on Aug 17 2022 07:42:43 by "temurin" with MS VC++ 16.7 (VS2019)

END.
